# JRE version: Java(TM) SE Runtime Environment (8.0_45-b14) (build 1.8.0_45-b14)
# Java VM: Java HotSpot(TM) 64-Bit Server VM (25.45-b02 mixed mode windows-amd64 compressed oops)
Heap:
 PSYoungGen      total 229888K, used 57131K [0x00000000eab00000, 0x00000000fd000000, 0x0000000100000000)
  eden space 211456K, 18% used [0x00000000eab00000,0x00000000ed0f0450,0x00000000f7980000)
  from space 18432K, 99% used [0x00000000fbe00000,0x00000000fcfdaba8,0x00000000fd000000)
  to   space 27136K, 0% used [0x00000000f9b00000,0x00000000f9b00000,0x00000000fb580000)
 ParOldGen       total 95744K, used 42623K [0x00000000c0000000, 0x00000000c5d80000, 0x00000000eab00000)
  object space 95744K, 44% used [0x00000000c0000000,0x00000000c299fc20,0x00000000c5d80000)
 Metaspace       used 58156K, capacity 60238K, committed 60416K, reserved 1101824K
  class space    used 7802K, capacity 8375K, committed 8448K, reserved 1048576K
GC Heap History (10 events):
Event: 69.284 GC heap before
{Heap before GC invocations=13 (full 2):
 PSYoungGen      total 201216K, used 201206K [0x00000000eab00000, 0x00000000f8300000, 0x0000000100000000)
  eden space 186368K, 100% used [0x00000000eab00000,0x00000000f6100000,0x00000000f6100000)
  from space 14848K, 99% used [0x00000000f7380000,0x00000000f81fda70,0x00000000f8200000)
  to   space 17408K, 0% used [0x00000000f6100000,0x00000000f6100000,0x00000000f7200000)
 ParOldGen       total 95744K, used 20952K [0x00000000c0000000, 0x00000000c5d80000, 0x00000000eab00000)
  object space 95744K, 21% used [0x00000000c0000000,0x00000000c1476068,0x00000000c5d80000)
 Metaspace       used 50329K, capacity 51506K, committed 51712K, reserved 1093632K
  class space    used 6829K, capacity 7103K, committed 7168K, reserved 1048576K
Event: 69.342 GC heap after
Heap after GC invocations=13 (full 2):
 PSYoungGen      total 203776K, used 17378K [0x00000000eab00000, 0x00000000fb300000, 0x0000000100000000)
  eden space 186368K, 0% used [0x00000000eab00000,0x00000000eab00000,0x00000000f6100000)
  from space 17408K, 99% used [0x00000000f6100000,0x00000000f71f8850,0x00000000f7200000)
  to   space 23552K, 0% used [0x00000000f9c00000,0x00000000f9c00000,0x00000000fb300000)
 ParOldGen       total 95744K, used 30583K [0x00000000c0000000, 0x00000000c5d80000, 0x00000000eab00000)
  object space 95744K, 31% used [0x00000000c0000000,0x00000000c1dddef0,0x00000000c5d80000)
 Metaspace       used 50329K, capacity 51506K, committed 51712K, reserved 1093632K
  class space    used 6829K, capacity 7103K, committed 7168K, reserved 1048576K
}
Event: 71.318 GC heap before
{Heap before GC invocations=14 (full 2):
 PSYoungGen      total 203776K, used 66204K [0x00000000eab00000, 0x00000000fb300000, 0x0000000100000000)
  eden space 186368K, 26% used [0x00000000eab00000,0x00000000edaaea08,0x00000000f6100000)
  from space 17408K, 99% used [0x00000000f6100000,0x00000000f71f8850,0x00000000f7200000)
  to   space 23552K, 0% used [0x00000000f9c00000,0x00000000f9c00000,0x00000000fb300000)
 ParOldGen       total 95744K, used 30583K [0x00000000c0000000, 0x00000000c5d80000, 0x00000000eab00000)
  object space 95744K, 31% used [0x00000000c0000000,0x00000000c1dddef0,0x00000000c5d80000)
 Metaspace       used 51797K, capacity 53230K, committed 53376K, reserved 1095680K
  class space    used 7038K, capacity 7452K, committed 7552K, reserved 1048576K
Event: 71.352 GC heap after
Heap after GC invocations=14 (full 2):
 PSYoungGen      total 243200K, used 22299K [0x00000000eab00000, 0x00000000fba00000, 0x0000000100000000)
  eden space 219648K, 0% used [0x00000000eab00000,0x00000000eab00000,0x00000000f8180000)
  from space 23552K, 94% used [0x00000000f9c00000,0x00000000fb1c6fc0,0x00000000fb300000)
  to   space 27136K, 0% used [0x00000000f8180000,0x00000000f8180000,0x00000000f9c00000)
 ParOldGen       total 95744K, used 30591K [0x00000000c0000000, 0x00000000c5d80000, 0x00000000eab00000)
  object space 95744K, 31% used [0x00000000c0000000,0x00000000c1ddfef0,0x00000000c5d80000)
 Metaspace       used 51797K, capacity 53230K, committed 53376K, reserved 1095680K
  class space    used 7038K, capacity 7452K, committed 7552K, reserved 1048576K
}
Event: 71.352 GC heap before
{Heap before GC invocations=15 (full 3):
 PSYoungGen      total 243200K, used 22299K [0x00000000eab00000, 0x00000000fba00000, 0x0000000100000000)
  eden space 219648K, 0% used [0x00000000eab00000,0x00000000eab00000,0x00000000f8180000)
  from space 23552K, 94% used [0x00000000f9c00000,0x00000000fb1c6fc0,0x00000000fb300000)
  to   space 27136K, 0% used [0x00000000f8180000,0x00000000f8180000,0x00000000f9c00000)
 ParOldGen       total 95744K, used 30591K [0x00000000c0000000, 0x00000000c5d80000, 0x00000000eab00000)
  object space 95744K, 31% used [0x00000000c0000000,0x00000000c1ddfef0,0x00000000c5d80000)
 Metaspace       used 51797K, capacity 53230K, committed 53376K, reserved 1095680K
  class space    used 7038K, capacity 7452K, committed 7552K, reserved 1048576K
Event: 71.798 GC heap after
Heap after GC invocations=15 (full 3):
 PSYoungGen      total 243200K, used 0K [0x00000000eab00000, 0x00000000fba00000, 0x0000000100000000)
  eden space 219648K, 0% used [0x00000000eab00000,0x00000000eab00000,0x00000000f8180000)
  from space 23552K, 0% used [0x00000000f9c00000,0x00000000f9c00000,0x00000000fb300000)
  to   space 27136K, 0% used [0x00000000f8180000,0x00000000f8180000,0x00000000f9c00000)
 ParOldGen       total 95744K, used 42607K [0x00000000c0000000, 0x00000000c5d80000, 0x00000000eab00000)
  object space 95744K, 44% used [0x00000000c0000000,0x00000000c299bc20,0x00000000c5d80000)
 Metaspace       used 51797K, capacity 53230K, committed 53376K, reserved 1095680K
  class space    used 7038K, capacity 7452K, committed 7552K, reserved 1048576K
}
Event: 114.233 GC heap before
{Heap before GC invocations=16 (full 3):
 PSYoungGen      total 243200K, used 219648K [0x00000000eab00000, 0x00000000fba00000, 0x0000000100000000)
  eden space 219648K, 100% used [0x00000000eab00000,0x00000000f8180000,0x00000000f8180000)
  from space 23552K, 0% used [0x00000000f9c00000,0x00000000f9c00000,0x00000000fb300000)
  to   space 27136K, 0% used [0x00000000f8180000,0x00000000f8180000,0x00000000f9c00000)
 ParOldGen       total 95744K, used 42607K [0x00000000c0000000, 0x00000000c5d80000, 0x00000000eab00000)
  object space 95744K, 44% used [0x00000000c0000000,0x00000000c299bc20,0x00000000c5d80000)
 Metaspace       used 55570K, capacity 57392K, committed 57728K, reserved 1099776K
  class space    used 7482K, capacity 7946K, committed 8064K, reserved 1048576K
Event: 114.270 GC heap after
Heap after GC invocations=16 (full 3):
 PSYoungGen      total 246784K, used 11999K [0x00000000eab00000, 0x00000000fd700000, 0x0000000100000000)
  eden space 219648K, 0% used [0x00000000eab00000,0x00000000eab00000,0x00000000f8180000)
  from space 27136K, 44% used [0x00000000f8180000,0x00000000f8d37cf0,0x00000000f9c00000)
  to   space 25600K, 0% used [0x00000000fbe00000,0x00000000fbe00000,0x00000000fd700000)
 ParOldGen       total 95744K, used 42615K [0x00000000c0000000, 0x00000000c5d80000, 0x00000000eab00000)
  object space 95744K, 44% used [0x00000000c0000000,0x00000000c299dc20,0x00000000c5d80000)
 Metaspace       used 55570K, capacity 57392K, committed 57728K, reserved 1099776K
  class space    used 7482K, capacity 7946K, committed 8064K, reserved 1048576K
}
Event: 601.059 GC heap before
{Heap before GC invocations=17 (full 3):
 PSYoungGen      total 246784K, used 231647K [0x00000000eab00000, 0x00000000fd700000, 0x0000000100000000)
  eden space 219648K, 100% used [0x00000000eab00000,0x00000000f8180000,0x00000000f8180000)
  from space 27136K, 44% used [0x00000000f8180000,0x00000000f8d37cf0,0x00000000f9c00000)
  to   space 25600K, 0% used [0x00000000fbe00000,0x00000000fbe00000,0x00000000fd700000)
 ParOldGen       total 95744K, used 42615K [0x00000000c0000000, 0x00000000c5d80000, 0x00000000eab00000)
  object space 95744K, 44% used [0x00000000c0000000,0x00000000c299dc20,0x00000000c5d80000)
 Metaspace       used 57983K, capacity 60110K, committed 60416K, reserved 1101824K
  class space    used 7799K, capacity 8375K, committed 8448K, reserved 1048576K
Event: 601.101 GC heap after
Heap after GC invocations=17 (full 3):
 PSYoungGen      total 229888K, used 18282K [0x00000000eab00000, 0x00000000fd000000, 0x0000000100000000)
  eden space 211456K, 0% used [0x00000000eab00000,0x00000000eab00000,0x00000000f7980000)
  from space 18432K, 99% used [0x00000000fbe00000,0x00000000fcfdaba8,0x00000000fd000000)
  to   space 27136K, 0% used [0x00000000f9b00000,0x00000000f9b00000,0x00000000fb580000)
 ParOldGen       total 95744K, used 42623K [0x00000000c0000000, 0x00000000c5d80000, 0x00000000eab00000)
  object space 95744K, 44% used [0x00000000c0000000,0x00000000c299fc20,0x00000000c5d80000)
 Metaspace       used 57983K, capacity 60110K, committed 60416K, reserved 1101824K
  class space    used 7799K, capacity 8375K, committed 8448K, reserved 1048576K
}

